<?xml version="1.0" encoding="UTF-8"?>
<!-- Generated by org.testng.reporters.JUnitXMLReporter -->
<testsuite ignored="0" hostname="ZEPHYRUS" failures="0" tests="4" name="APITestFalabella" time="5.505" errors="0" timestamp="2022-06-20T09:17:57 COT">
  <testcase classname="APITests" name="testPost" time="3.349"/>
  <testcase classname="APITests" name="testGet" time="0.629"/>
  <testcase classname="APITests" name="testPut" time="0.678"/>
  <testcase classname="APITests" name="testDelete" time="0.626"/>
</testsuite> <!-- APITestFalabella -->
