<?xml version="1.0" encoding="UTF-8"?>
<testng-results ignored="0" total="4" passed="4" failed="0" skipped="0">
  <reporter-output>
  </reporter-output>
  <suite started-at="2022-06-20T09:17:51 COT" name="Default Suite" finished-at="2022-06-20T09:17:57 COT" duration-ms="5505">
    <groups>
    </groups>
    <test started-at="2022-06-20T09:17:51 COT" name="APITestFalabella" finished-at="2022-06-20T09:17:57 COT" duration-ms="5505">
      <class name="APITests">
        <test-method is-config="true" signature="requestData()[pri:0, instance:APITests@a8ef162]" started-at="2022-06-20T09:17:51 COT" name="requestData" finished-at="2022-06-20T09:17:51 COT" duration-ms="40" status="PASS">
          <reporter-output>
          </reporter-output>
        </test-method> <!-- requestData -->
        <test-method signature="testPost(org.testng.ITestContext)[pri:1, instance:APITests@a8ef162]" started-at="2022-06-20T09:17:51 COT" name="testPost" finished-at="2022-06-20T09:17:55 COT" duration-ms="3349" status="PASS">
          <params>
            <param index="0">
              <value>
                <![CDATA[org.testng.TestRunner@561868a0]]>
              </value>
            </param>
          </params>
          <reporter-output>
          </reporter-output>
        </test-method> <!-- testPost -->
        <test-method is-config="true" signature="requestData()[pri:0, instance:APITests@a8ef162]" started-at="2022-06-20T09:17:55 COT" name="requestData" finished-at="2022-06-20T09:17:55 COT" duration-ms="1" status="PASS">
          <reporter-output>
          </reporter-output>
        </test-method> <!-- requestData -->
        <test-method signature="testGet(org.testng.ITestContext)[pri:2, instance:APITests@a8ef162]" started-at="2022-06-20T09:17:55 COT" name="testGet" finished-at="2022-06-20T09:17:55 COT" duration-ms="629" status="PASS">
          <params>
            <param index="0">
              <value>
                <![CDATA[org.testng.TestRunner@561868a0]]>
              </value>
            </param>
          </params>
          <reporter-output>
          </reporter-output>
        </test-method> <!-- testGet -->
        <test-method is-config="true" signature="requestData()[pri:0, instance:APITests@a8ef162]" started-at="2022-06-20T09:17:55 COT" name="requestData" finished-at="2022-06-20T09:17:55 COT" duration-ms="1" status="PASS">
          <reporter-output>
          </reporter-output>
        </test-method> <!-- requestData -->
        <test-method signature="testPut()[pri:3, instance:APITests@a8ef162]" started-at="2022-06-20T09:17:55 COT" name="testPut" finished-at="2022-06-20T09:17:56 COT" duration-ms="678" status="PASS">
          <reporter-output>
          </reporter-output>
        </test-method> <!-- testPut -->
        <test-method is-config="true" signature="requestData()[pri:0, instance:APITests@a8ef162]" started-at="2022-06-20T09:17:56 COT" name="requestData" finished-at="2022-06-20T09:17:56 COT" duration-ms="0" status="PASS">
          <reporter-output>
          </reporter-output>
        </test-method> <!-- requestData -->
        <test-method signature="testDelete(org.testng.ITestContext)[pri:4, instance:APITests@a8ef162]" started-at="2022-06-20T09:17:56 COT" name="testDelete" finished-at="2022-06-20T09:17:57 COT" duration-ms="626" status="PASS">
          <params>
            <param index="0">
              <value>
                <![CDATA[org.testng.TestRunner@561868a0]]>
              </value>
            </param>
          </params>
          <reporter-output>
          </reporter-output>
        </test-method> <!-- testDelete -->
      </class> <!-- APITests -->
    </test> <!-- APITestFalabella -->
  </suite> <!-- Default Suite -->
</testng-results>
